# JRE version: OpenJDK Runtime Environment (21.0.5) (build 21.0.5+-12932927-b750.29)
# Java VM: OpenJDK 64-Bit Server VM (21.0.5+-12932927-b750.29, mixed mode, tiered, compressed oops, compressed class ptrs, g1 gc, windows-amd64)
GC Precious Log:
 CardTable entry size: 512
 Card Set container configuration: InlinePtr #cards 5 size 8 Array Of Cards #cards 12 size 40 Howl #buckets 4 coarsen threshold 1843 Howl Bitmap #cards 512 size 80 coarsen threshold 460 Card regions per heap region 1 cards per card region 2048
 CPUs: 12 total, 12 available
 Memory: 15722M
 Large Page Support: Disabled
 NUMA Support: Disabled
 Compressed Oops: Enabled (32-bit)
 Heap Region Size: 1M
 Heap Min Capacity: 8M
 Heap Initial Capacity: 246M
 Heap Max Capacity: 2G
 Pre-touch: Disabled
 Parallel Workers: 10
 Concurrent Workers: 3
 Concurrent Refinement Workers: 10
 Periodic GC: Disabled
Heap:
 garbage-first heap   total 239616K, used 171547K [0x0000000080000000, 0x0000000100000000)
  region size 1024K, 36 young (36864K), 7 survivors (7168K)
 Metaspace       used 127180K, committed 129472K, reserved 1179648K
  class space    used 17090K, committed 18240K, reserved 1048576K
GC Heap History (20 events):
Event: 29.628 GC heap before
{Heap before GC invocations=43 (full 0):
 garbage-first heap   total 204800K, used 161870K [0x0000000080000000, 0x0000000100000000)
  region size 1024K, 42 young (43008K), 2 survivors (2048K)
 Metaspace       used 122364K, committed 124544K, reserved 1179648K
  class space    used 16452K, committed 17536K, reserved 1048576K
}
Event: 29.635 GC heap after
{Heap after GC invocations=44 (full 0):
 garbage-first heap   total 204800K, used 121847K [0x0000000080000000, 0x0000000100000000)
  region size 1024K, 6 young (6144K), 6 survivors (6144K)
 Metaspace       used 122364K, committed 124544K, reserved 1179648K
  class space    used 16452K, committed 17536K, reserved 1048576K
}
Event: 30.535 GC heap before
{Heap before GC invocations=44 (full 0):
 garbage-first heap   total 204800K, used 177143K [0x0000000080000000, 0x0000000100000000)
  region size 1024K, 61 young (62464K), 6 survivors (6144K)
 Metaspace       used 122560K, committed 124736K, reserved 1179648K
  class space    used 16462K, committed 17536K, reserved 1048576K
}
Event: 30.543 GC heap after
{Heap after GC invocations=45 (full 0):
 garbage-first heap   total 204800K, used 127213K [0x0000000080000000, 0x0000000100000000)
  region size 1024K, 6 young (6144K), 6 survivors (6144K)
 Metaspace       used 122560K, committed 124736K, reserved 1179648K
  class space    used 16462K, committed 17536K, reserved 1048576K
}
Event: 30.928 GC heap before
{Heap before GC invocations=45 (full 0):
 garbage-first heap   total 204800K, used 179437K [0x0000000080000000, 0x0000000100000000)
  region size 1024K, 58 young (59392K), 6 survivors (6144K)
 Metaspace       used 122570K, committed 124736K, reserved 1179648K
  class space    used 16462K, committed 17536K, reserved 1048576K
}
Event: 30.934 GC heap after
{Heap after GC invocations=46 (full 0):
 garbage-first heap   total 204800K, used 129496K [0x0000000080000000, 0x0000000100000000)
  region size 1024K, 5 young (5120K), 5 survivors (5120K)
 Metaspace       used 122570K, committed 124736K, reserved 1179648K
  class space    used 16462K, committed 17536K, reserved 1048576K
}
Event: 31.490 GC heap before
{Heap before GC invocations=47 (full 0):
 garbage-first heap   total 219136K, used 181720K [0x0000000080000000, 0x0000000100000000)
  region size 1024K, 57 young (58368K), 5 survivors (5120K)
 Metaspace       used 122916K, committed 125056K, reserved 1179648K
  class space    used 16535K, committed 17600K, reserved 1048576K
}
Event: 31.496 GC heap after
{Heap after GC invocations=48 (full 0):
 garbage-first heap   total 219136K, used 131058K [0x0000000080000000, 0x0000000100000000)
  region size 1024K, 6 young (6144K), 6 survivors (6144K)
 Metaspace       used 122916K, committed 125056K, reserved 1179648K
  class space    used 16535K, committed 17600K, reserved 1048576K
}
Event: 32.334 GC heap before
{Heap before GC invocations=48 (full 0):
 garbage-first heap   total 219136K, used 194546K [0x0000000080000000, 0x0000000100000000)
  region size 1024K, 69 young (70656K), 6 survivors (6144K)
 Metaspace       used 123190K, committed 125376K, reserved 1179648K
  class space    used 16570K, committed 17664K, reserved 1048576K
}
Event: 32.341 GC heap after
{Heap after GC invocations=49 (full 0):
 garbage-first heap   total 219136K, used 130806K [0x0000000080000000, 0x0000000100000000)
  region size 1024K, 8 young (8192K), 8 survivors (8192K)
 Metaspace       used 123190K, committed 125376K, reserved 1179648K
  class space    used 16570K, committed 17664K, reserved 1048576K
}
Event: 32.803 GC heap before
{Heap before GC invocations=49 (full 0):
 garbage-first heap   total 219136K, used 196342K [0x0000000080000000, 0x0000000100000000)
  region size 1024K, 73 young (74752K), 8 survivors (8192K)
 Metaspace       used 123221K, committed 125376K, reserved 1179648K
  class space    used 16571K, committed 17664K, reserved 1048576K
}
Event: 32.810 GC heap after
{Heap after GC invocations=50 (full 0):
 garbage-first heap   total 219136K, used 133428K [0x0000000080000000, 0x0000000100000000)
  region size 1024K, 6 young (6144K), 6 survivors (6144K)
 Metaspace       used 123221K, committed 125376K, reserved 1179648K
  class space    used 16571K, committed 17664K, reserved 1048576K
}
Event: 33.712 GC heap before
{Heap before GC invocations=51 (full 0):
 garbage-first heap   total 225280K, used 197940K [0x0000000080000000, 0x0000000100000000)
  region size 1024K, 70 young (71680K), 6 survivors (6144K)
 Metaspace       used 123537K, committed 125760K, reserved 1179648K
  class space    used 16608K, committed 17728K, reserved 1048576K
}
Event: 33.718 GC heap after
{Heap after GC invocations=52 (full 0):
 garbage-first heap   total 225280K, used 136254K [0x0000000080000000, 0x0000000100000000)
  region size 1024K, 8 young (8192K), 8 survivors (8192K)
 Metaspace       used 123537K, committed 125760K, reserved 1179648K
  class space    used 16608K, committed 17728K, reserved 1048576K
}
Event: 36.333 GC heap before
{Heap before GC invocations=52 (full 0):
 garbage-first heap   total 225280K, used 203838K [0x0000000080000000, 0x0000000100000000)
  region size 1024K, 75 young (76800K), 8 survivors (8192K)
 Metaspace       used 126913K, committed 129152K, reserved 1179648K
  class space    used 17051K, committed 18176K, reserved 1048576K
}
Event: 36.343 GC heap after
{Heap after GC invocations=53 (full 0):
 garbage-first heap   total 225280K, used 139127K [0x0000000080000000, 0x0000000100000000)
  region size 1024K, 7 young (7168K), 7 survivors (7168K)
 Metaspace       used 126913K, committed 129152K, reserved 1179648K
  class space    used 17051K, committed 18176K, reserved 1048576K
}
Event: 36.813 GC heap before
{Heap before GC invocations=53 (full 0):
 garbage-first heap   total 225280K, used 205687K [0x0000000080000000, 0x0000000100000000)
  region size 1024K, 73 young (74752K), 7 survivors (7168K)
 Metaspace       used 127108K, committed 129344K, reserved 1179648K
  class space    used 17086K, committed 18240K, reserved 1048576K
}
Event: 36.820 GC heap after
{Heap after GC invocations=54 (full 0):
 garbage-first heap   total 225280K, used 142110K [0x0000000080000000, 0x0000000100000000)
  region size 1024K, 6 young (6144K), 6 survivors (6144K)
 Metaspace       used 127108K, committed 129344K, reserved 1179648K
  class space    used 17086K, committed 18240K, reserved 1048576K
}
Event: 37.229 GC heap before
{Heap before GC invocations=55 (full 0):
 garbage-first heap   total 239616K, used 203550K [0x0000000080000000, 0x0000000100000000)
  region size 1024K, 67 young (68608K), 6 survivors (6144K)
 Metaspace       used 127151K, committed 129408K, reserved 1179648K
  class space    used 17089K, committed 18240K, reserved 1048576K
}
Event: 37.235 GC heap after
{Heap after GC invocations=56 (full 0):
 garbage-first heap   total 239616K, used 143899K [0x0000000080000000, 0x0000000100000000)
  region size 1024K, 7 young (7168K), 7 survivors (7168K)
 Metaspace       used 127151K, committed 129408K, reserved 1179648K
  class space    used 17089K, committed 18240K, reserved 1048576K
}

